<?xml version="1.0" encoding="UTF-8"?>
<!-- Generated by org.testng.reporters.JUnitReportReporter -->
<testsuite hostname="Akshay-singh" failures="0" tests="2" name="testng.BasicTestXml" time="0.015" errors="0" timestamp="2023-10-02T15:46:42 IST" skipped="0">
  <testcase classname="testng.BasicTestXml" name="Demo" time="0.013"/>
  <testcase classname="testng.BasicTestXml" name="Demo2" time="0.002"/>
</testsuite> <!-- testng.BasicTestXml -->
